To honour the JVM settings for this build a single-use Daemon process will be forked. For more on this, please refer to https://docs.gradle.org/8.14.3/userguide/gradle_daemon.html#sec:disabling_the_daemon in the Gradle documentation.
Daemon will be stopped at the end of the build 
> Task :compileJava UP-TO-DATE
> Task :processResources UP-TO-DATE
> Task :classes UP-TO-DATE
> Task :resolveMainClassName UP-TO-DATE

> Task :bootRun

  .   ____          _            __ _ _
 /\\ / ___'_ __ _ _(_)_ __  __ _ \ \ \ \
( ( )\___ | '_ | '_| | '_ \/ _` | \ \ \ \
 \\/  ___)| |_)| | | | | || (_| |  ) ) ) )
  '  |____| .__|_| |_|_| |_\__, | / / / /
 =========|_|==============|___/=/_/_/_/

 :: Spring Boot ::                (v3.5.4)

2025-08-24T11:45:26.219+09:00  INFO 25369 --- [           main] m.p.springdotenv.DotenvPropertySource    : Initializing Dotenv with DotenvConfig{directory=null, filename=null, ignoreIfMalformed=false, ignoreIfMissing=true, systemProperties=false, prefix=null}
2025-08-24T11:45:26.231+09:00  INFO 25369 --- [           main] c.k.b.kumdoriGrowBackendApplication      : Starting kumdoriGrowBackendApplication using Java 21.0.8 with PID 25369 (/Users/iyeongjun/Desktop/kumdoriGrow/build/classes/java/main started by iyeongjun in /Users/iyeongjun/Desktop/kumdoriGrow)
2025-08-24T11:45:26.232+09:00  INFO 25369 --- [           main] c.k.b.kumdoriGrowBackendApplication      : No active profile set, falling back to 1 default profile: "default"
2025-08-24T11:45:26.673+09:00  INFO 25369 --- [           main] .s.d.r.c.RepositoryConfigurationDelegate : Bootstrapping Spring Data JPA repositories in DEFAULT mode.
2025-08-24T11:45:26.701+09:00  INFO 25369 --- [           main] .s.d.r.c.RepositoryConfigurationDelegate : Finished Spring Data repository scanning in 23 ms. Found 5 JPA repository interfaces.
2025-08-24T11:45:26.942+09:00  INFO 25369 --- [           main] o.s.b.w.embedded.tomcat.TomcatWebServer  : Tomcat initialized with port 8080 (http)
2025-08-24T11:45:26.951+09:00  INFO 25369 --- [           main] o.apache.catalina.core.StandardService   : Starting service [Tomcat]
2025-08-24T11:45:26.951+09:00  INFO 25369 --- [           main] o.apache.catalina.core.StandardEngine    : Starting Servlet engine: [Apache Tomcat/10.1.43]
2025-08-24T11:45:26.975+09:00  INFO 25369 --- [           main] o.a.c.c.C.[Tomcat].[localhost].[/]       : Initializing Spring embedded WebApplicationContext
2025-08-24T11:45:26.976+09:00  INFO 25369 --- [           main] w.s.c.ServletWebServerApplicationContext : Root WebApplicationContext: initialization completed in 724 ms
2025-08-24T11:45:27.096+09:00  INFO 25369 --- [           main] o.hibernate.jpa.internal.util.LogHelper  : HHH000204: Processing PersistenceUnitInfo [name: default]
2025-08-24T11:45:27.123+09:00  INFO 25369 --- [           main] org.hibernate.Version                    : HHH000412: Hibernate ORM core version 6.6.22.Final
2025-08-24T11:45:27.138+09:00  INFO 25369 --- [           main] o.h.c.internal.RegionFactoryInitiator    : HHH000026: Second-level cache disabled
2025-08-24T11:45:27.274+09:00  INFO 25369 --- [           main] o.s.o.j.p.SpringPersistenceUnitInfo      : No LoadTimeWeaver setup: ignoring JPA class transformer
2025-08-24T11:45:27.289+09:00  INFO 25369 --- [           main] com.zaxxer.hikari.HikariDataSource       : HikariPool-1 - Starting...
2025-08-24T11:45:27.370+09:00  INFO 25369 --- [           main] com.zaxxer.hikari.pool.HikariPool        : HikariPool-1 - Added connection conn0: url=jdbc:h2:mem:testdb user=SA
2025-08-24T11:45:27.371+09:00  INFO 25369 --- [           main] com.zaxxer.hikari.HikariDataSource       : HikariPool-1 - Start completed.
2025-08-24T11:45:27.383+09:00  WARN 25369 --- [           main] org.hibernate.orm.deprecation            : HHH90000025: H2Dialect does not need to be specified explicitly using 'hibernate.dialect' (remove the property setting and it will be selected by default)
2025-08-24T11:45:27.392+09:00  INFO 25369 --- [           main] org.hibernate.orm.connections.pooling    : HHH10001005: Database info:
	Database JDBC URL [Connecting through datasource 'HikariDataSource (HikariPool-1)']
	Database driver: undefined/unknown
	Database version: 2.3.232
	Autocommit mode: undefined/unknown
	Isolation level: undefined/unknown
	Minimum pool size: undefined/unknown
	Maximum pool size: undefined/unknown
2025-08-24T11:45:27.835+09:00  INFO 25369 --- [           main] o.h.e.t.j.p.i.JtaPlatformInitiator       : HHH000489: No JTA platform available (set 'hibernate.transaction.jta.platform' to enable JTA platform integration)
2025-08-24T11:45:27.858+09:00  INFO 25369 --- [           main] j.LocalContainerEntityManagerFactoryBean : Initialized JPA EntityManagerFactory for persistence unit 'default'
2025-08-24T11:45:28.029+09:00  INFO 25369 --- [           main] o.s.d.j.r.query.QueryEnhancerFactory     : Hibernate is in classpath; If applicable, HQL parser will be used.
2025-08-24T11:45:28.707+09:00  INFO 25369 --- [           main] o.s.b.a.h2.H2ConsoleAutoConfiguration    : H2 console available at '/h2-console'. Database available at 'jdbc:h2:mem:testdb'
2025-08-24T11:45:28.716+09:00  INFO 25369 --- [           main] o.s.b.a.e.web.EndpointLinksResolver      : Exposing 2 endpoints beneath base path '/actuator'
2025-08-24T11:45:28.767+09:00  INFO 25369 --- [           main] o.s.b.w.embedded.tomcat.TomcatWebServer  : Tomcat started on port 8080 (http) with context path '/'
2025-08-24T11:45:28.776+09:00  INFO 25369 --- [           main] c.k.b.kumdoriGrowBackendApplication      : Started kumdoriGrowBackendApplication in 2.769 seconds (process running for 2.934)
2025-08-24T11:45:28.817+09:00  INFO 25369 --- [           main] c.k.backend.config.DatabaseInfoLogger    : [STARTUP] Active profiles: default
2025-08-24T11:45:28.823+09:00  INFO 25369 --- [           main] c.k.backend.config.DatabaseInfoLogger    : [DB] url=jdbc:h2:mem:testdb, user=SA, database=TESTDB
2025-08-24T11:45:28.823+09:00  INFO 25369 --- [           main] c.k.backend.config.DatabaseInfoLogger    : [OCR] enabled=false, apiUrl=not-configured, apiKey=not-configured
2025-08-24T11:45:54.844+09:00  INFO 25369 --- [nio-8080-exec-1] o.a.c.c.C.[Tomcat].[localhost].[/]       : Initializing Spring DispatcherServlet 'dispatcherServlet'
2025-08-24T11:45:54.845+09:00  INFO 25369 --- [nio-8080-exec-1] o.s.web.servlet.DispatcherServlet        : Initializing Servlet 'dispatcherServlet'
2025-08-24T11:45:54.849+09:00  INFO 25369 --- [nio-8080-exec-1] o.s.web.servlet.DispatcherServlet        : Completed initialization in 4 ms
2025-08-24T11:59:02.280+09:00  INFO 25369 --- [ionShutdownHook] o.s.b.w.e.tomcat.GracefulShutdown        : Commencing graceful shutdown. Waiting for active requests to complete
2025-08-24T11:59:02.342+09:00  INFO 25369 --- [tomcat-shutdown] o.s.b.w.e.tomcat.GracefulShutdown        : Graceful shutdown complete
2025-08-24T11:59:02.362+09:00  INFO 25369 --- [ionShutdownHook] j.LocalContainerEntityManagerFactoryBean : Closing JPA EntityManagerFactory for persistence unit 'default'
2025-08-24T11:59:02.386+09:00  INFO 25369 --- [ionShutdownHook] com.zaxxer.hikari.HikariDataSource       : HikariPool-1 - Shutdown initiated...
2025-08-24T11:59:02.389+09:00  INFO 25369 --- [ionShutdownHook] com.zaxxer.hikari.HikariDataSource       : HikariPool-1 - Shutdown completed.

> Task :bootRun FAILED

FAILURE: Build failed with an exception.

* What went wrong:
Execution failed for task ':bootRun'.
> Process 'command '/opt/homebrew/Cellar/openjdk@21/21.0.8/libexec/openjdk.jdk/Contents/Home/bin/java'' finished with non-zero exit value 143

* Try:
> Run with --stacktrace option to get the stack trace.
> Run with --info or --debug option to get more log output.
> Run with --scan to get full insights.
> Get more help at https://help.gradle.org.

BUILD FAILED in 13m 42s
4 actionable tasks: 1 executed, 3 up-to-date
