To honour the JVM settings for this build a single-use Daemon process will be forked. For more on this, please refer to https://docs.gradle.org/8.14.3/userguide/gradle_daemon.html#sec:disabling_the_daemon in the Gradle documentation.
Daemon will be stopped at the end of the build 
> Task :compileJava UP-TO-DATE
> Task :processResources UP-TO-DATE
> Task :classes UP-TO-DATE
> Task :resolveMainClassName UP-TO-DATE

> Task :bootRun

  .   ____          _            __ _ _
 /\\ / ___'_ __ _ _(_)_ __  __ _ \ \ \ \
( ( )\___ | '_ | '_| | '_ \/ _` | \ \ \ \
 \\/  ___)| |_)| | | | | || (_| |  ) ) ) )
  '  |____| .__|_| |_|_| |_\__, | / / / /
 =========|_|==============|___/=/_/_/_/

 :: Spring Boot ::                (v3.5.4)

2025-08-24T12:00:59.802+09:00  INFO 28302 --- [           main] m.p.springdotenv.DotenvPropertySource    : Initializing Dotenv with DotenvConfig{directory=null, filename=null, ignoreIfMalformed=false, ignoreIfMissing=true, systemProperties=false, prefix=null}
2025-08-24T12:00:59.814+09:00  INFO 28302 --- [           main] c.k.b.kumdoriGrowBackendApplication      : Starting kumdoriGrowBackendApplication using Java 21.0.8 with PID 28302 (/Users/iyeongjun/Desktop/kumdoriGrow/build/classes/java/main started by iyeongjun in /Users/iyeongjun/Desktop/kumdoriGrow)
2025-08-24T12:00:59.814+09:00  INFO 28302 --- [           main] c.k.b.kumdoriGrowBackendApplication      : No active profile set, falling back to 1 default profile: "default"
2025-08-24T12:01:00.266+09:00  INFO 28302 --- [           main] .s.d.r.c.RepositoryConfigurationDelegate : Bootstrapping Spring Data JPA repositories in DEFAULT mode.
2025-08-24T12:01:00.295+09:00  INFO 28302 --- [           main] .s.d.r.c.RepositoryConfigurationDelegate : Finished Spring Data repository scanning in 24 ms. Found 5 JPA repository interfaces.
2025-08-24T12:01:00.507+09:00  INFO 28302 --- [           main] o.s.b.w.embedded.tomcat.TomcatWebServer  : Tomcat initialized with port 8080 (http)
2025-08-24T12:01:00.515+09:00  INFO 28302 --- [           main] o.apache.catalina.core.StandardService   : Starting service [Tomcat]
2025-08-24T12:01:00.515+09:00  INFO 28302 --- [           main] o.apache.catalina.core.StandardEngine    : Starting Servlet engine: [Apache Tomcat/10.1.43]
2025-08-24T12:01:00.537+09:00  INFO 28302 --- [           main] o.a.c.c.C.[Tomcat].[localhost].[/]       : Initializing Spring embedded WebApplicationContext
2025-08-24T12:01:00.537+09:00  INFO 28302 --- [           main] w.s.c.ServletWebServerApplicationContext : Root WebApplicationContext: initialization completed in 702 ms
2025-08-24T12:01:00.662+09:00  INFO 28302 --- [           main] o.hibernate.jpa.internal.util.LogHelper  : HHH000204: Processing PersistenceUnitInfo [name: default]
2025-08-24T12:01:00.689+09:00  INFO 28302 --- [           main] org.hibernate.Version                    : HHH000412: Hibernate ORM core version 6.6.22.Final
2025-08-24T12:01:00.704+09:00  INFO 28302 --- [           main] o.h.c.internal.RegionFactoryInitiator    : HHH000026: Second-level cache disabled
2025-08-24T12:01:00.838+09:00  INFO 28302 --- [           main] o.s.o.j.p.SpringPersistenceUnitInfo      : No LoadTimeWeaver setup: ignoring JPA class transformer
2025-08-24T12:01:00.852+09:00  INFO 28302 --- [           main] com.zaxxer.hikari.HikariDataSource       : HikariPool-1 - Starting...
2025-08-24T12:01:00.933+09:00  INFO 28302 --- [           main] com.zaxxer.hikari.pool.HikariPool        : HikariPool-1 - Added connection conn0: url=jdbc:h2:mem:testdb user=SA
2025-08-24T12:01:00.934+09:00  INFO 28302 --- [           main] com.zaxxer.hikari.HikariDataSource       : HikariPool-1 - Start completed.
2025-08-24T12:01:00.946+09:00  WARN 28302 --- [           main] org.hibernate.orm.deprecation            : HHH90000025: H2Dialect does not need to be specified explicitly using 'hibernate.dialect' (remove the property setting and it will be selected by default)
2025-08-24T12:01:00.955+09:00  INFO 28302 --- [           main] org.hibernate.orm.connections.pooling    : HHH10001005: Database info:
	Database JDBC URL [Connecting through datasource 'HikariDataSource (HikariPool-1)']
	Database driver: undefined/unknown
	Database version: 2.3.232
	Autocommit mode: undefined/unknown
	Isolation level: undefined/unknown
	Minimum pool size: undefined/unknown
	Maximum pool size: undefined/unknown
2025-08-24T12:01:01.406+09:00  INFO 28302 --- [           main] o.h.e.t.j.p.i.JtaPlatformInitiator       : HHH000489: No JTA platform available (set 'hibernate.transaction.jta.platform' to enable JTA platform integration)
2025-08-24T12:01:01.430+09:00  INFO 28302 --- [           main] j.LocalContainerEntityManagerFactoryBean : Initialized JPA EntityManagerFactory for persistence unit 'default'
2025-08-24T12:01:01.595+09:00  INFO 28302 --- [           main] o.s.d.j.r.query.QueryEnhancerFactory     : Hibernate is in classpath; If applicable, HQL parser will be used.
2025-08-24T12:01:02.326+09:00  INFO 28302 --- [           main] o.s.b.a.h2.H2ConsoleAutoConfiguration    : H2 console available at '/h2-console'. Database available at 'jdbc:h2:mem:testdb'
2025-08-24T12:01:02.336+09:00  INFO 28302 --- [           main] o.s.b.a.e.web.EndpointLinksResolver      : Exposing 2 endpoints beneath base path '/actuator'
2025-08-24T12:01:02.383+09:00  INFO 28302 --- [           main] o.s.b.w.embedded.tomcat.TomcatWebServer  : Tomcat started on port 8080 (http) with context path '/'
2025-08-24T12:01:02.391+09:00  INFO 28302 --- [           main] c.k.b.kumdoriGrowBackendApplication      : Started kumdoriGrowBackendApplication in 2.795 seconds (process running for 2.947)
2025-08-24T12:01:02.428+09:00  INFO 28302 --- [           main] c.k.backend.config.DatabaseInfoLogger    : [STARTUP] Active profiles: default
2025-08-24T12:01:02.434+09:00  INFO 28302 --- [           main] c.k.backend.config.DatabaseInfoLogger    : [DB] url=jdbc:h2:mem:testdb, user=SA, database=TESTDB
2025-08-24T12:01:02.434+09:00  INFO 28302 --- [           main] c.k.backend.config.DatabaseInfoLogger    : [OCR] enabled=false, apiUrl=not-configured, apiKey=not-configured
2025-08-24T12:01:34.260+09:00  INFO 28302 --- [nio-8080-exec-1] o.a.c.c.C.[Tomcat].[localhost].[/]       : Initializing Spring DispatcherServlet 'dispatcherServlet'
2025-08-24T12:01:34.260+09:00  INFO 28302 --- [nio-8080-exec-1] o.s.web.servlet.DispatcherServlet        : Initializing Servlet 'dispatcherServlet'
2025-08-24T12:01:34.271+09:00  INFO 28302 --- [nio-8080-exec-1] o.s.web.servlet.DispatcherServlet        : Completed initialization in 11 ms
2025-08-24T12:17:13.784+09:00  WARN 28302 --- [l-1:housekeeper] com.zaxxer.hikari.pool.HikariPool        : HikariPool-1 - Thread starvation or clock leap detected (housekeeper delta=2m12s671ms).
2025-08-24T12:25:00.247+09:00  INFO 28302 --- [nio-8080-exec-6] c.k.b.domain.receipt.ReceiptService      : Using provided store info: 테스트 로컬 가게 (LOCAL)
2025-08-24T12:26:12.778+09:00  INFO 28302 --- [io-8080-exec-10] c.k.b.domain.receipt.ReceiptService      : Using provided store info: 가게2 (LOCAL)
2025-08-24T12:26:12.826+09:00  INFO 28302 --- [nio-8080-exec-2] c.k.b.domain.receipt.ReceiptService      : Using provided store info: 가게3 (LOCAL)
2025-08-24T12:26:12.861+09:00  INFO 28302 --- [nio-8080-exec-4] c.k.b.domain.receipt.ReceiptService      : Using provided store info: 가게4 (LOCAL)
2025-08-24T12:26:12.898+09:00  INFO 28302 --- [nio-8080-exec-6] c.k.b.domain.receipt.ReceiptService      : Using provided store info: 가게5 (LOCAL)
2025-08-24T12:26:12.935+09:00  INFO 28302 --- [nio-8080-exec-8] c.k.b.domain.receipt.ReceiptService      : Using provided store info: 가게6 (LOCAL)
2025-08-24T12:26:12.968+09:00  INFO 28302 --- [io-8080-exec-10] c.k.b.domain.receipt.ReceiptService      : Using provided store info: 가게7 (LOCAL)
2025-08-24T12:26:13.001+09:00  INFO 28302 --- [nio-8080-exec-2] c.k.b.domain.receipt.ReceiptService      : Using provided store info: 가게8 (LOCAL)
2025-08-24T12:26:13.035+09:00  INFO 28302 --- [nio-8080-exec-4] c.k.b.domain.receipt.ReceiptService      : Using provided store info: 가게9 (LOCAL)
2025-08-24T12:26:13.068+09:00  INFO 28302 --- [nio-8080-exec-6] c.k.b.domain.receipt.ReceiptService      : Using provided store info: 가게10 (LOCAL)
2025-08-24T12:26:41.094+09:00  INFO 28302 --- [nio-8080-exec-8] c.k.b.domain.receipt.ReceiptService      : Using provided store info: 큰가게 (LOCAL)
2025-08-24T12:27:45.686+09:00  INFO 28302 --- [io-8080-exec-10] c.k.b.domain.receipt.ReceiptService      : Using provided store info: 마지막가게 (LOCAL)
2025-08-24T12:27:45.745+09:00  INFO 28302 --- [io-8080-exec-10] c.k.backend.domain.reward.RewardService  : Point box opened for user 1 at level 5: 1000 points awarded
2025-08-24T12:27:45.745+09:00  INFO 28302 --- [io-8080-exec-10] c.k.b.domain.reward.LevelUpEventHandler  : Level-up reward processed: user=1, level=5, points=1000
2025-08-24T12:29:57.238+09:00  WARN 28302 --- [nio-8080-exec-4] ration$PageModule$WarningLoggingModifier : Serializing PageImpl instances as-is is not supported, meaning that there is no guarantee about the stability of the resulting JSON structure!
	For a stable JSON structure, please use Spring Data's PagedModel (globally via @EnableSpringDataWebSupport(pageSerializationMode = VIA_DTO))
	or Spring HATEOAS and Spring Data's PagedResourcesAssembler as documented in https://docs.spring.io/spring-data/commons/reference/repositories/core-extensions.html#core.web.pageables.

2025-08-24T12:30:59.315+09:00  INFO 28302 --- [nio-8080-exec-8] c.k.b.domain.receipt.ReceiptService      : Using provided store info: 대형마트1 (MARKET)
2025-08-24T12:30:59.368+09:00  INFO 28302 --- [io-8080-exec-10] c.k.b.domain.receipt.ReceiptService      : Using provided store info: 대형마트2 (MARKET)
2025-08-24T12:30:59.407+09:00  INFO 28302 --- [nio-8080-exec-2] c.k.b.domain.receipt.ReceiptService      : Using provided store info: 대형마트3 (MARKET)
2025-08-24T12:30:59.414+09:00  INFO 28302 --- [nio-8080-exec-2] c.k.backend.domain.reward.RewardService  : Point box opened for user 1 at level 30: 100 points awarded
2025-08-24T12:30:59.414+09:00  INFO 28302 --- [nio-8080-exec-2] c.k.b.domain.reward.LevelUpEventHandler  : Level-up reward processed: user=1, level=30, points=100
2025-08-24T12:30:59.449+09:00  INFO 28302 --- [nio-8080-exec-4] c.k.b.domain.receipt.ReceiptService      : Using provided store info: 대형마트4 (MARKET)
2025-08-24T12:30:59.485+09:00  INFO 28302 --- [nio-8080-exec-6] c.k.b.domain.receipt.ReceiptService      : Using provided store info: 대형마트5 (MARKET)
2025-08-24T12:49:49.100+09:00  WARN 28302 --- [l-1:housekeeper] com.zaxxer.hikari.pool.HikariPool        : HikariPool-1 - Thread starvation or clock leap detected (housekeeper delta=9m35s157ms).
2025-08-24T13:01:57.647+09:00  WARN 28302 --- [l-1:housekeeper] com.zaxxer.hikari.pool.HikariPool        : HikariPool-1 - Thread starvation or clock leap detected (housekeeper delta=4m8s481ms).
2025-08-24T13:16:03.779+09:00  WARN 28302 --- [l-1:housekeeper] com.zaxxer.hikari.pool.HikariPool        : HikariPool-1 - Thread starvation or clock leap detected (housekeeper delta=14m6s136ms).
2025-08-24T13:17:48.297+09:00  WARN 28302 --- [l-1:housekeeper] com.zaxxer.hikari.pool.HikariPool        : HikariPool-1 - Thread starvation or clock leap detected (housekeeper delta=1m44s519ms).
